Detecting C [-std=c11] compiler features failed to compile with the following output:
Change Dir: /mnt/d/MyFiles/C++/chatRoom/build/CMakeFiles/CMakeTmp

Run Build Command:"/usr/bin/make" "cmTC_c6c46/fast"
/usr/bin/make -f CMakeFiles/cmTC_c6c46.dir/build.make CMakeFiles/cmTC_c6c46.dir/build
make[1]: Entering directory '/mnt/d/MyFiles/C++/chatRoom/build/CMakeFiles/CMakeTmp'
Building C object CMakeFiles/cmTC_c6c46.dir/feature_tests.c.o
/usr/bin/c99-gcc   -std=c11 -o CMakeFiles/cmTC_c6c46.dir/feature_tests.c.o   -c /mnt/d/MyFiles/C++/chatRoom/build/CMakeFiles/feature_tests.c
c99-gcc called with non ISO C99 option -std=c11
CMakeFiles/cmTC_c6c46.dir/build.make:65: recipe for target 'CMakeFiles/cmTC_c6c46.dir/feature_tests.c.o' failed
make[1]: *** [CMakeFiles/cmTC_c6c46.dir/feature_tests.c.o] Error 1
make[1]: Leaving directory '/mnt/d/MyFiles/C++/chatRoom/build/CMakeFiles/CMakeTmp'
Makefile:126: recipe for target 'cmTC_c6c46/fast' failed
make: *** [cmTC_c6c46/fast] Error 2



Determining if the pthread_create exist failed with the following output:
Change Dir: /mnt/d/MyFiles/C++/chatRoom/build/CMakeFiles/CMakeTmp

Run Build Command:"/usr/bin/make" "cmTC_af46f/fast"
/usr/bin/make -f CMakeFiles/cmTC_af46f.dir/build.make CMakeFiles/cmTC_af46f.dir/build
make[1]: Entering directory '/mnt/d/MyFiles/C++/chatRoom/build/CMakeFiles/CMakeTmp'
Building C object CMakeFiles/cmTC_af46f.dir/CheckSymbolExists.c.o
/usr/bin/c99-gcc    -o CMakeFiles/cmTC_af46f.dir/CheckSymbolExists.c.o   -c /mnt/d/MyFiles/C++/chatRoom/build/CMakeFiles/CMakeTmp/CheckSymbolExists.c
Linking C executable cmTC_af46f
/usr/bin/cmake -E cmake_link_script CMakeFiles/cmTC_af46f.dir/link.txt --verbose=1
/usr/bin/c99-gcc      -rdynamic CMakeFiles/cmTC_af46f.dir/CheckSymbolExists.c.o  -o cmTC_af46f 
CMakeFiles/cmTC_af46f.dir/CheckSymbolExists.c.o: In function `main':
CheckSymbolExists.c:(.text+0x1b): undefined reference to `pthread_create'
collect2: error: ld returned 1 exit status
CMakeFiles/cmTC_af46f.dir/build.make:97: recipe for target 'cmTC_af46f' failed
make[1]: *** [cmTC_af46f] Error 1
make[1]: Leaving directory '/mnt/d/MyFiles/C++/chatRoom/build/CMakeFiles/CMakeTmp'
Makefile:126: recipe for target 'cmTC_af46f/fast' failed
make: *** [cmTC_af46f/fast] Error 2

File /mnt/d/MyFiles/C++/chatRoom/build/CMakeFiles/CMakeTmp/CheckSymbolExists.c:
/* */
#include <pthread.h>

int main(int argc, char** argv)
{
  (void)argv;
#ifndef pthread_create
  return ((int*)(&pthread_create))[argc];
#else
  (void)argc;
  return 0;
#endif
}

Determining if the function pthread_create exists in the pthreads failed with the following output:
Change Dir: /mnt/d/MyFiles/C++/chatRoom/build/CMakeFiles/CMakeTmp

Run Build Command:"/usr/bin/make" "cmTC_a77fa/fast"
/usr/bin/make -f CMakeFiles/cmTC_a77fa.dir/build.make CMakeFiles/cmTC_a77fa.dir/build
make[1]: Entering directory '/mnt/d/MyFiles/C++/chatRoom/build/CMakeFiles/CMakeTmp'
Building C object CMakeFiles/cmTC_a77fa.dir/CheckFunctionExists.c.o
/usr/bin/c99-gcc   -DCHECK_FUNCTION_EXISTS=pthread_create   -o CMakeFiles/cmTC_a77fa.dir/CheckFunctionExists.c.o   -c /usr/share/cmake-3.10/Modules/CheckFunctionExists.c
Linking C executable cmTC_a77fa
/usr/bin/cmake -E cmake_link_script CMakeFiles/cmTC_a77fa.dir/link.txt --verbose=1
/usr/bin/c99-gcc  -DCHECK_FUNCTION_EXISTS=pthread_create    -rdynamic CMakeFiles/cmTC_a77fa.dir/CheckFunctionExists.c.o  -o cmTC_a77fa -lpthreads 
/usr/bin/ld: cannot find -lpthreads
collect2: error: ld returned 1 exit status
CMakeFiles/cmTC_a77fa.dir/build.make:97: recipe for target 'cmTC_a77fa' failed
make[1]: *** [cmTC_a77fa] Error 1
make[1]: Leaving directory '/mnt/d/MyFiles/C++/chatRoom/build/CMakeFiles/CMakeTmp'
Makefile:126: recipe for target 'cmTC_a77fa/fast' failed
make: *** [cmTC_a77fa/fast] Error 2


